<?xml version="1.0" encoding="UTF-8"?>
<!-- Generated by org.testng.reporters.JUnitReportReporter -->
<testsuite skipped="0" hostname="ICPL12770" name="com.wsautomation.RestAssertTest" tests="1" failures="0" timestamp="22 Jan 2018 11:56:42 GMT" time="1.768" errors="0">
  <testcase name="getIteamFromCatalogueID" time="1.768" classname="com.wsautomation.RestAssertTest"/>
</testsuite> <!-- com.wsautomation.RestAssertTest -->
